#
# There is insufficient memory for the Java Runtime Environment to continue.
# Native memory allocation (malloc) failed to allocate 1048576 bytes for AllocateHeap
# Possible reasons:
#   The system is out of physical RAM or swap space
#   In 32 bit mode, the process size limit was hit
# Possible solutions:
#   Reduce memory load on the system
#   Increase physical memory or swap space
#   Check if swap backing store is full
#   Use 64 bit Java on a 64 bit OS
#   Decrease Java heap size (-Xmx/-Xms)
#   Decrease number of Java threads
#   Decrease Java thread stack sizes (-Xss)
#   Set larger code cache with -XX:ReservedCodeCacheSize=
# This output file may be truncated or incomplete.
#
#  Out of Memory Error (memory/allocation.inline.hpp:61), pid=16284, tid=0x0000000000005780
#
# JRE version:  (8.0_191-b12) (build )
# Java VM: Java HotSpot(TM) 64-Bit Server VM (25.191-b12 mixed mode windows-amd64 compressed oops)
# Failed to write core dump. Minidumps are not enabled by default on client versions of Windows
#

---------------  T H R E A D  ---------------

Current thread (0x0000000002842800):  JavaThread "Unknown thread" [_thread_in_vm, id=22400, stack(0x00000000026c0000,0x00000000027c0000)]

Stack: [0x00000000026c0000,0x00000000027c0000]
[error occurred during error reporting (printing stack bounds), id 0xc0000005]

Native frames: (J=compiled Java code, j=interpreted, Vv=VM code, C=native code)


---------------  P R O C E S S  ---------------

Java Threads: ( => current thread )

Other Threads:

=>0x0000000002842800 (exited) JavaThread "Unknown thread" [_thread_in_vm, id=22400, stack(0x00000000026c0000,0x00000000027c0000)]

VM state:not at safepoint (normal execution)

VM Mutex/Monitor currently owned by a thread: None

Heap:
 PSYoungGen      total 76288K, used 1310K [0x000000076b000000, 0x0000000770500000, 0x00000007c0000000)
  eden space 65536K, 2% used [0x000000076b000000,0x000000076b147af0,0x000000076f000000)
  from space 10752K, 0% used [0x000000076fa80000,0x000000076fa80000,0x0000000770500000)
  to   space 10752K, 0% used [0x000000076f000000,0x000000076f000000,0x000000076fa80000)
 ParOldGen       total 175104K, used 0K [0x00000006c1000000, 0x00000006cbb00000, 0x000000076b000000)
  object space 175104K, 0% used [0x00000006c1000000,0x00000006c1000000,0x00000006cbb00000)
 Metaspace       used 775K, capacity 4480K, committed 4480K, reserved 1056768K
  class space    used 76K, capacity 384K, committed 384K, reserved 1048576K

Card table byte_map: [0x0000000011d00000,0x0000000012500000] byte_map_base: 0x000000000e6f8000

Marking Bits: (ParMarkBitMap*) 0x0000000052e93e30
 Begin Bits: [0x0000000013750000, 0x0000000017710000)
 End Bits:   [0x0000000017710000, 0x000000001b6d0000)

Polling page: 0x00000000009f0000

CodeCache: size=245760Kb used=328Kb max_used=328Kb free=245431Kb
 bounds [0x0000000002940000, 0x0000000002bb0000, 0x0000000011940000]
 total_blobs=58 nmethods=0 adapters=38
 compilation: enabled

Compilation events (0 events):
No events

GC Heap History (0 events):
No events

Deoptimization events (0 events):
No events

Classes redefined (0 events):
No events

Internal exceptions (0 events):
No events

Events (10 events):
Event: 0.050 loading class java/lang/Short
Event: 0.051 loading class java/lang/Short done
Event: 0.051 loading class java/lang/Integer
Event: 0.051 loading class java/lang/Integer done
Event: 0.051 loading class java/lang/Long
Event: 0.051 loading class java/lang/Long done
Event: 0.054 loading class java/lang/NullPointerException
Event: 0.054 loading class java/lang/NullPointerException done
Event: 0.055 loading class java/lang/ArithmeticException
Event: 0.055 loading class java/lang/ArithmeticException done


Dynamic libraries:
0x00007ff7f1210000 - 0x00007ff7f1247000 	D:\Java8\jdk1.8\jre\bin\java.exe
0x00007ffd013d0000 - 0x00007ffd015c5000 	C:\Windows\SYSTEM32\ntdll.dll
0x00007ffd00a40000 - 0x00007ffd00afd000 	C:\Windows\System32\KERNEL32.DLL
0x00007ffcfeb40000 - 0x00007ffcfee07000 	C:\Windows\System32\KERNELBASE.dll
0x00007ffcff5e0000 - 0x00007ffcff68a000 	C:\Windows\System32\ADVAPI32.dll
0x00007ffcffac0000 - 0x00007ffcffb5e000 	C:\Windows\System32\msvcrt.dll
0x00007ffcffdc0000 - 0x00007ffcffe5b000 	C:\Windows\System32\sechost.dll
0x00007ffcffb60000 - 0x00007ffcffc84000 	C:\Windows\System32\RPCRT4.dll
0x00007ffcff800000 - 0x00007ffcff9a0000 	C:\Windows\System32\USER32.dll
0x00007ffcff400000 - 0x00007ffcff422000 	C:\Windows\System32\win32u.dll
0x00007ffd00cb0000 - 0x00007ffd00cda000 	C:\Windows\System32\GDI32.dll
0x00007ffcfefa0000 - 0x00007ffcff0a9000 	C:\Windows\System32\gdi32full.dll
0x00007ffcff260000 - 0x00007ffcff2fd000 	C:\Windows\System32\msvcp_win.dll
0x00007ffcff300000 - 0x00007ffcff400000 	C:\Windows\System32\ucrtbase.dll
0x00007ffceec40000 - 0x00007ffceeedb000 	C:\Windows\WinSxS\amd64_microsoft.windows.common-controls_6595b64144ccf1df_6.0.19041.488_none_ca04af081b815d21\COMCTL32.dll
0x00007ffd01350000 - 0x00007ffd01380000 	C:\Windows\System32\IMM32.DLL
0x0000000052f20000 - 0x0000000052ff2000 	D:\Java8\jdk1.8\jre\bin\msvcr100.dll
0x0000000052670000 - 0x0000000052f14000 	D:\Java8\jdk1.8\jre\bin\server\jvm.dll
0x00007ffcff700000 - 0x00007ffcff708000 	C:\Windows\System32\PSAPI.DLL
0x00007ffce82f0000 - 0x00007ffce82f9000 	C:\Windows\SYSTEM32\WSOCK32.dll
0x00007ffcf4fc0000 - 0x00007ffcf4fe7000 	C:\Windows\SYSTEM32\WINMM.dll
0x00007ffcf7f60000 - 0x00007ffcf7f6a000 	C:\Windows\SYSTEM32\VERSION.dll
0x00007ffd012e0000 - 0x00007ffd0134b000 	C:\Windows\System32\WS2_32.dll
0x0000000055c30000 - 0x0000000055c3f000 	D:\Java8\jdk1.8\jre\bin\verify.dll
0x0000000052640000 - 0x0000000052669000 	D:\Java8\jdk1.8\jre\bin\java.dll
0x0000000052620000 - 0x0000000052636000 	D:\Java8\jdk1.8\jre\bin\zip.dll

VM Arguments:
java_command: D:\JavaWorkSpace\NewGame\target\surefire\surefirebooter7578067916730456821.jar D:\JavaWorkSpace\NewGame\target\surefire\surefire6163250886571022922tmp D:\JavaWorkSpace\NewGame\target\surefire\surefire_01162132980872249940tmp
java_class_path (initial): D:\JavaWorkSpace\NewGame\target\surefire\surefirebooter7578067916730456821.jar
Launcher Type: SUN_STANDARD

Environment Variables:
JAVA_HOME=D:\Java8\jdk1.8
PATH=C:\Program Files (x86)\Common Files\Oracle\Java\javapath;C:\Python310\Scripts\;C:\Python310\;C:\Program Files\Common Files\Oracle\Java\javapath;C:\Windows\system32;C:\Windows;C:\Windows\System32\Wbem;C:\Windows\System32\WindowsPowerShell\v1.0\;C:\Windows\System32\OpenSSH\;D:\Git\cmd;D:\mysql-8.0.28-winx64\bin;D:\istio-1.13.2\bin;D:\nodejs\;C:\ProgramData\chocolatey\bin;C:\Program Files\TortoiseSVN\bin;C:\Program Files (x86)\Dev-Cpp\MinGW64\bin;D:\xshell\Xmanager 7\;D:\xshell\Xshell 7\;D:\xshell\Xftp 7\;D:\xshell\Xlpd 7\;D:\Java8\jdk1.8\bin;d:\微信web开发者工具\dll;C:\Go\bin;D:\Amazon\AWSCLIV2\;D:\apache-maven-3.8.7\bin;D:\apache-tomcat-9.0.71\bin;C:\Program Files (x86)\Microsoft SQL Server\100\Tools\Binn\;C:\Program Files\Microsoft SQL Server\100\Tools\Binn\;C:\Program Files\Microsoft SQL Server\100\DTS\Binn\;C:\Program Files (x86)\Microsoft SQL Server\100\Tools\Binn\VSShell\Common7\IDE\;C:\Program Files (x86)\Microsoft Visual Studio 9.0\Common7\IDE\PrivateAssemblies\;C:\Program Files (x86)\Microsoft SQL Server\100\DTS\Binn\;C:\Program Files\MySQL\MySQL Shell 8.0\bin\;C:\Users\Administrator\AppData\Local\Microsoft\WindowsApps;C:\Program Files\MySQL\MySQL Server 8.0\bin;C:\Users\Administrator\AppData\Roaming\npm;C:\Program Files (x86)\Dev-Cpp\MinGW64\bin;d:\Microsoft VS Code\bin;D:\Graphviz\bin;C:\Go\bin;D:\etcd;D:\apache-zookeeper-3.5.10\bin;C:\Users\Administrator\go\bin;D:\goDevTools\protoc-3.19.6-win64\bin;D:\goDevTools\consul_1.13.3_windows_amd64;;D:\IntelliJ IDEA 2022.1.4\bin;
USERNAME=Administrator
OS=Windows_NT
PROCESSOR_IDENTIFIER=Intel64 Family 6 Model 45 Stepping 7, GenuineIntel



---------------  S Y S T E M  ---------------

OS: Windows 10.0 , 64 bit Build 19041 (10.0.19041.292)

CPU:total 16 (initial active 16) (8 cores per cpu, 2 threads per core) family 6 model 45 stepping 7, cmov, cx8, fxsr, mmx, sse, sse2, sse3, ssse3, sse4.1, sse4.2, popcnt, avx, aes, clmul, ht, tsc, tscinvbit, tscinv

Memory: 4k page, physical 16708656k(5348040k free), swap 20902960k(5680k free)

vm_info: Java HotSpot(TM) 64-Bit Server VM (25.191-b12) for windows-amd64 JRE (1.8.0_191-b12), built on Oct  6 2018 09:29:03 by "java_re" with MS VC++ 10.0 (VS2010)

time: Sat Apr 01 20:41:38 2023
elapsed time: 0 seconds (0d 0h 0m 0s)

